10:22:08 INFO  : Registering command handlers for SDK TCF services
10:22:08 INFO  : Launching XSCT server: xsct.bat -interactive C:\Users\Albert\Documents\GitHub\ECE532\group_demo\group_demo.sdk\temp_xsdb_launch_script.tcl
10:22:10 INFO  : XSCT server has started successfully.
10:22:12 INFO  : Successfully done setting XSCT server connection channel  
10:22:12 INFO  : Successfully done setting SDK workspace  
10:22:12 INFO  : Processing command line option -hwspec C:/Users/Albert/Documents/GitHub/ECE532/group_demo/group_demo.sdk/design_1_wrapper.hdf.
10:33:09 INFO  : Inferring section assignments and sizes from elf file: C:\Users\Albert\Documents\GitHub\ECE532\group_demo\group_demo.sdk\test_hardware\Debug\test_hardware.elf
10:56:02 INFO  : Connected to target on host '127.0.0.1' and port '3121'.
10:58:06 INFO  : Connected to target on host '127.0.0.1' and port '3121'.
10:58:29 INFO  : Connected to target on host '127.0.0.1' and port '3121'.
11:00:41 INFO  : Connected to target on host '127.0.0.1' and port '3121'.
11:01:34 INFO  : Connected to target on host '127.0.0.1' and port '3121'.
11:06:02 INFO  : Connected to target on host '127.0.0.1' and port '3121'.
11:06:14 INFO  : Connected to target on host '127.0.0.1' and port '3121'.
11:06:14 INFO  : 'targets -set -filter {jtag_cable_name =~ "Digilent Nexys4DDR 210292645895A" && level==0} -index 0' command is executed.
11:06:16 INFO  : FPGA configured successfully with bitstream "C:/Users/Albert/Documents/GitHub/ECE532/group_demo/group_demo.sdk/design_1_wrapper_hw_platform_0/download.bit"
11:09:47 INFO  : 'targets -set -filter {jtag_cable_name =~ "Digilent Nexys4DDR 210292645895A" && level==0} -index 0' command is executed.
11:09:47 INFO  : 'fpga -state' command is executed.
11:09:47 INFO  : Connected to target on host '127.0.0.1' and port '3121'.
11:09:47 INFO  : Jtag cable 'Digilent Nexys4DDR 210292645895A' is selected.
11:09:47 INFO  : 'jtag frequency' command is executed.
11:09:47 INFO  : 'configparams mdm-detect-bscan-mask 2' command is executed.
11:09:47 INFO  : Context for processor 'microblaze_0' is selected.
11:09:47 INFO  : Processor reset is completed for 'microblaze_0'.
11:09:47 INFO  : Context for processor 'microblaze_0' is selected.
11:09:47 INFO  : The application 'C:/Users/Albert/Documents/GitHub/ECE532/group_demo/group_demo.sdk/test_hardware/Debug/test_hardware.elf' is downloaded to processor 'microblaze_0'.
11:09:47 INFO  : ----------------XSDB Script----------------
connect -url tcp:127.0.0.1:3121
configparams mdm-detect-bscan-mask 2
targets -set -nocase -filter {name =~ "microblaze*#0" && bscan=="USER2"  && jtag_cable_name =~ "Digilent Nexys4DDR 210292645895A"} -index 0
rst -processor
targets -set -nocase -filter {name =~ "microblaze*#0" && bscan=="USER2"  && jtag_cable_name =~ "Digilent Nexys4DDR 210292645895A"} -index 0
dow C:/Users/Albert/Documents/GitHub/ECE532/group_demo/group_demo.sdk/test_hardware/Debug/test_hardware.elf
----------------End of Script----------------

11:09:47 INFO  : Context for processor 'microblaze_0' is selected.
11:09:47 INFO  : 'con' command is executed.
11:09:47 INFO  : ----------------XSDB Script (After Launch)----------------
targets -set -nocase -filter {name =~ "microblaze*#0" && bscan=="USER2"  && jtag_cable_name =~ "Digilent Nexys4DDR 210292645895A"} -index 0
con
----------------End of Script----------------

11:09:47 INFO  : Disconnected from the channel tcfchan#1.
11:12:20 INFO  : Connected to target on host '127.0.0.1' and port '3121'.
11:12:40 INFO  : Connected to target on host '127.0.0.1' and port '3121'.
11:12:51 INFO  : Connected to target on host '127.0.0.1' and port '3121'.
11:12:51 INFO  : 'targets -set -filter {jtag_cable_name =~ "Digilent Nexys4DDR 210292645895A" && level==0} -index 0' command is executed.
11:12:53 INFO  : FPGA configured successfully with bitstream "C:/Users/Albert/Documents/GitHub/ECE532/group_demo/group_demo.sdk/design_1_wrapper_hw_platform_0/download.bit"
11:13:02 INFO  : 'targets -set -filter {jtag_cable_name =~ "Digilent Nexys4DDR 210292645895A" && level==0} -index 0' command is executed.
11:13:02 INFO  : 'fpga -state' command is executed.
11:13:02 INFO  : Connected to target on host '127.0.0.1' and port '3121'.
11:13:02 INFO  : Jtag cable 'Digilent Nexys4DDR 210292645895A' is selected.
11:13:02 INFO  : 'jtag frequency' command is executed.
11:13:02 INFO  : 'configparams mdm-detect-bscan-mask 2' command is executed.
11:13:02 INFO  : Context for processor 'microblaze_0' is selected.
11:13:02 INFO  : Processor reset is completed for 'microblaze_0'.
11:13:02 INFO  : Context for processor 'microblaze_0' is selected.
11:13:02 INFO  : The application 'C:/Users/Albert/Documents/GitHub/ECE532/group_demo/group_demo.sdk/test_hardware/Debug/test_hardware.elf' is downloaded to processor 'microblaze_0'.
11:13:02 INFO  : ----------------XSDB Script----------------
connect -url tcp:127.0.0.1:3121
configparams mdm-detect-bscan-mask 2
targets -set -nocase -filter {name =~ "microblaze*#0" && bscan=="USER2"  && jtag_cable_name =~ "Digilent Nexys4DDR 210292645895A"} -index 0
rst -processor
targets -set -nocase -filter {name =~ "microblaze*#0" && bscan=="USER2"  && jtag_cable_name =~ "Digilent Nexys4DDR 210292645895A"} -index 0
dow C:/Users/Albert/Documents/GitHub/ECE532/group_demo/group_demo.sdk/test_hardware/Debug/test_hardware.elf
----------------End of Script----------------

11:13:02 INFO  : Context for processor 'microblaze_0' is selected.
11:13:02 INFO  : 'con' command is executed.
11:13:02 INFO  : ----------------XSDB Script (After Launch)----------------
targets -set -nocase -filter {name =~ "microblaze*#0" && bscan=="USER2"  && jtag_cable_name =~ "Digilent Nexys4DDR 210292645895A"} -index 0
con
----------------End of Script----------------

11:13:02 INFO  : Disconnected from the channel tcfchan#2.
11:23:24 INFO  : 'targets -set -filter {jtag_cable_name =~ "Digilent Nexys4DDR 210292645895A" && level==0} -index 0' command is executed.
11:23:24 INFO  : 'fpga -state' command is executed.
11:23:24 INFO  : Connected to target on host '127.0.0.1' and port '3121'.
11:23:24 INFO  : Jtag cable 'Digilent Nexys4DDR 210292645895A' is selected.
11:23:24 INFO  : 'jtag frequency' command is executed.
11:23:24 INFO  : 'configparams mdm-detect-bscan-mask 2' command is executed.
11:23:24 INFO  : Context for processor 'microblaze_0' is selected.
11:23:25 INFO  : Processor reset is completed for 'microblaze_0'.
11:23:25 INFO  : Context for processor 'microblaze_0' is selected.
11:23:25 INFO  : The application 'C:/Users/Albert/Documents/GitHub/ECE532/group_demo/group_demo.sdk/test_hardware/Debug/test_hardware.elf' is downloaded to processor 'microblaze_0'.
11:23:25 INFO  : ----------------XSDB Script----------------
connect -url tcp:127.0.0.1:3121
configparams mdm-detect-bscan-mask 2
targets -set -nocase -filter {name =~ "microblaze*#0" && bscan=="USER2"  && jtag_cable_name =~ "Digilent Nexys4DDR 210292645895A"} -index 0
rst -processor
targets -set -nocase -filter {name =~ "microblaze*#0" && bscan=="USER2"  && jtag_cable_name =~ "Digilent Nexys4DDR 210292645895A"} -index 0
dow C:/Users/Albert/Documents/GitHub/ECE532/group_demo/group_demo.sdk/test_hardware/Debug/test_hardware.elf
----------------End of Script----------------

11:23:25 INFO  : Context for processor 'microblaze_0' is selected.
11:23:25 INFO  : 'con' command is executed.
11:23:25 INFO  : ----------------XSDB Script (After Launch)----------------
targets -set -nocase -filter {name =~ "microblaze*#0" && bscan=="USER2"  && jtag_cable_name =~ "Digilent Nexys4DDR 210292645895A"} -index 0
con
----------------End of Script----------------

11:23:25 INFO  : Disconnected from the channel tcfchan#3.
11:37:09 INFO  : 'targets -set -filter {jtag_cable_name =~ "Digilent Nexys4DDR 210292645895A" && level==0} -index 0' command is executed.
11:37:09 INFO  : 'fpga -state' command is executed.
11:37:09 INFO  : Connected to target on host '127.0.0.1' and port '3121'.
11:37:10 INFO  : Jtag cable 'Digilent Nexys4DDR 210292645895A' is selected.
11:37:10 INFO  : 'jtag frequency' command is executed.
11:37:10 INFO  : 'configparams mdm-detect-bscan-mask 2' command is executed.
11:37:10 INFO  : Context for processor 'microblaze_0' is selected.
11:37:10 INFO  : Processor reset is completed for 'microblaze_0'.
11:37:10 INFO  : Context for processor 'microblaze_0' is selected.
11:37:10 INFO  : The application 'C:/Users/Albert/Documents/GitHub/ECE532/group_demo/group_demo.sdk/test_hardware/Debug/test_hardware.elf' is downloaded to processor 'microblaze_0'.
11:37:10 INFO  : ----------------XSDB Script----------------
connect -url tcp:127.0.0.1:3121
configparams mdm-detect-bscan-mask 2
targets -set -nocase -filter {name =~ "microblaze*#0" && bscan=="USER2"  && jtag_cable_name =~ "Digilent Nexys4DDR 210292645895A"} -index 0
rst -processor
targets -set -nocase -filter {name =~ "microblaze*#0" && bscan=="USER2"  && jtag_cable_name =~ "Digilent Nexys4DDR 210292645895A"} -index 0
dow C:/Users/Albert/Documents/GitHub/ECE532/group_demo/group_demo.sdk/test_hardware/Debug/test_hardware.elf
----------------End of Script----------------

11:37:10 INFO  : Context for processor 'microblaze_0' is selected.
11:37:10 INFO  : 'con' command is executed.
11:37:10 INFO  : ----------------XSDB Script (After Launch)----------------
targets -set -nocase -filter {name =~ "microblaze*#0" && bscan=="USER2"  && jtag_cable_name =~ "Digilent Nexys4DDR 210292645895A"} -index 0
con
----------------End of Script----------------

11:37:10 INFO  : Disconnected from the channel tcfchan#4.
11:40:29 INFO  : 'targets -set -filter {jtag_cable_name =~ "Digilent Nexys4DDR 210292645895A" && level==0} -index 0' command is executed.
11:40:29 INFO  : 'fpga -state' command is executed.
11:40:29 INFO  : Connected to target on host '127.0.0.1' and port '3121'.
11:40:29 INFO  : Jtag cable 'Digilent Nexys4DDR 210292645895A' is selected.
11:40:29 INFO  : 'jtag frequency' command is executed.
11:40:29 INFO  : 'configparams mdm-detect-bscan-mask 2' command is executed.
11:40:29 INFO  : Context for processor 'microblaze_0' is selected.
11:40:29 INFO  : Processor reset is completed for 'microblaze_0'.
11:40:29 INFO  : Context for processor 'microblaze_0' is selected.
11:40:29 INFO  : The application 'C:/Users/Albert/Documents/GitHub/ECE532/group_demo/group_demo.sdk/test_hardware/Debug/test_hardware.elf' is downloaded to processor 'microblaze_0'.
11:40:29 INFO  : ----------------XSDB Script----------------
connect -url tcp:127.0.0.1:3121
configparams mdm-detect-bscan-mask 2
targets -set -nocase -filter {name =~ "microblaze*#0" && bscan=="USER2"  && jtag_cable_name =~ "Digilent Nexys4DDR 210292645895A"} -index 0
rst -processor
targets -set -nocase -filter {name =~ "microblaze*#0" && bscan=="USER2"  && jtag_cable_name =~ "Digilent Nexys4DDR 210292645895A"} -index 0
dow C:/Users/Albert/Documents/GitHub/ECE532/group_demo/group_demo.sdk/test_hardware/Debug/test_hardware.elf
----------------End of Script----------------

11:40:29 INFO  : Context for processor 'microblaze_0' is selected.
11:40:29 INFO  : 'con' command is executed.
11:40:29 INFO  : ----------------XSDB Script (After Launch)----------------
targets -set -nocase -filter {name =~ "microblaze*#0" && bscan=="USER2"  && jtag_cable_name =~ "Digilent Nexys4DDR 210292645895A"} -index 0
con
----------------End of Script----------------

11:40:29 INFO  : Disconnected from the channel tcfchan#5.
11:42:16 INFO  : 'targets -set -filter {jtag_cable_name =~ "Digilent Nexys4DDR 210292645895A" && level==0} -index 0' command is executed.
11:42:16 INFO  : 'fpga -state' command is executed.
11:42:16 INFO  : Connected to target on host '127.0.0.1' and port '3121'.
11:42:16 INFO  : Jtag cable 'Digilent Nexys4DDR 210292645895A' is selected.
11:42:16 INFO  : 'jtag frequency' command is executed.
11:42:16 INFO  : 'configparams mdm-detect-bscan-mask 2' command is executed.
11:42:16 INFO  : Context for processor 'microblaze_0' is selected.
11:42:16 INFO  : Processor reset is completed for 'microblaze_0'.
11:42:16 INFO  : Context for processor 'microblaze_0' is selected.
11:42:16 INFO  : The application 'C:/Users/Albert/Documents/GitHub/ECE532/group_demo/group_demo.sdk/test_hardware/Debug/test_hardware.elf' is downloaded to processor 'microblaze_0'.
11:42:16 INFO  : ----------------XSDB Script----------------
connect -url tcp:127.0.0.1:3121
configparams mdm-detect-bscan-mask 2
targets -set -nocase -filter {name =~ "microblaze*#0" && bscan=="USER2"  && jtag_cable_name =~ "Digilent Nexys4DDR 210292645895A"} -index 0
rst -processor
targets -set -nocase -filter {name =~ "microblaze*#0" && bscan=="USER2"  && jtag_cable_name =~ "Digilent Nexys4DDR 210292645895A"} -index 0
dow C:/Users/Albert/Documents/GitHub/ECE532/group_demo/group_demo.sdk/test_hardware/Debug/test_hardware.elf
----------------End of Script----------------

11:42:16 INFO  : Context for processor 'microblaze_0' is selected.
11:42:16 INFO  : 'con' command is executed.
11:42:16 INFO  : ----------------XSDB Script (After Launch)----------------
targets -set -nocase -filter {name =~ "microblaze*#0" && bscan=="USER2"  && jtag_cable_name =~ "Digilent Nexys4DDR 210292645895A"} -index 0
con
----------------End of Script----------------

11:42:16 INFO  : Disconnected from the channel tcfchan#6.
11:43:02 INFO  : 'targets -set -filter {jtag_cable_name =~ "Digilent Nexys4DDR 210292645895A" && level==0} -index 0' command is executed.
11:43:02 INFO  : 'fpga -state' command is executed.
11:43:02 INFO  : Connected to target on host '127.0.0.1' and port '3121'.
11:43:02 INFO  : Jtag cable 'Digilent Nexys4DDR 210292645895A' is selected.
11:43:02 INFO  : 'jtag frequency' command is executed.
11:43:02 INFO  : 'configparams mdm-detect-bscan-mask 2' command is executed.
11:43:02 INFO  : Context for processor 'microblaze_0' is selected.
11:43:02 INFO  : Processor reset is completed for 'microblaze_0'.
11:43:02 INFO  : Context for processor 'microblaze_0' is selected.
11:43:02 INFO  : The application 'C:/Users/Albert/Documents/GitHub/ECE532/group_demo/group_demo.sdk/test_hardware/Debug/test_hardware.elf' is downloaded to processor 'microblaze_0'.
11:43:02 INFO  : ----------------XSDB Script----------------
connect -url tcp:127.0.0.1:3121
configparams mdm-detect-bscan-mask 2
targets -set -nocase -filter {name =~ "microblaze*#0" && bscan=="USER2"  && jtag_cable_name =~ "Digilent Nexys4DDR 210292645895A"} -index 0
rst -processor
targets -set -nocase -filter {name =~ "microblaze*#0" && bscan=="USER2"  && jtag_cable_name =~ "Digilent Nexys4DDR 210292645895A"} -index 0
dow C:/Users/Albert/Documents/GitHub/ECE532/group_demo/group_demo.sdk/test_hardware/Debug/test_hardware.elf
----------------End of Script----------------

11:43:02 INFO  : Context for processor 'microblaze_0' is selected.
11:43:02 INFO  : 'con' command is executed.
11:43:02 INFO  : ----------------XSDB Script (After Launch)----------------
targets -set -nocase -filter {name =~ "microblaze*#0" && bscan=="USER2"  && jtag_cable_name =~ "Digilent Nexys4DDR 210292645895A"} -index 0
con
----------------End of Script----------------

11:43:02 INFO  : Disconnected from the channel tcfchan#7.
11:43:21 INFO  : 'targets -set -filter {jtag_cable_name =~ "Digilent Nexys4DDR 210292645895A" && level==0} -index 0' command is executed.
11:43:21 INFO  : 'fpga -state' command is executed.
11:43:21 INFO  : Connected to target on host '127.0.0.1' and port '3121'.
11:43:21 INFO  : Jtag cable 'Digilent Nexys4DDR 210292645895A' is selected.
11:43:21 INFO  : 'jtag frequency' command is executed.
11:43:21 INFO  : 'configparams mdm-detect-bscan-mask 2' command is executed.
11:43:21 INFO  : Context for processor 'microblaze_0' is selected.
11:43:21 INFO  : Processor reset is completed for 'microblaze_0'.
11:43:21 INFO  : Context for processor 'microblaze_0' is selected.
11:43:21 INFO  : The application 'C:/Users/Albert/Documents/GitHub/ECE532/group_demo/group_demo.sdk/test_hardware/Debug/test_hardware.elf' is downloaded to processor 'microblaze_0'.
11:43:21 INFO  : ----------------XSDB Script----------------
connect -url tcp:127.0.0.1:3121
configparams mdm-detect-bscan-mask 2
targets -set -nocase -filter {name =~ "microblaze*#0" && bscan=="USER2"  && jtag_cable_name =~ "Digilent Nexys4DDR 210292645895A"} -index 0
rst -processor
targets -set -nocase -filter {name =~ "microblaze*#0" && bscan=="USER2"  && jtag_cable_name =~ "Digilent Nexys4DDR 210292645895A"} -index 0
dow C:/Users/Albert/Documents/GitHub/ECE532/group_demo/group_demo.sdk/test_hardware/Debug/test_hardware.elf
----------------End of Script----------------

11:43:21 INFO  : Context for processor 'microblaze_0' is selected.
11:43:21 INFO  : 'con' command is executed.
11:43:21 INFO  : ----------------XSDB Script (After Launch)----------------
targets -set -nocase -filter {name =~ "microblaze*#0" && bscan=="USER2"  && jtag_cable_name =~ "Digilent Nexys4DDR 210292645895A"} -index 0
con
----------------End of Script----------------

11:43:21 INFO  : Disconnected from the channel tcfchan#8.
11:44:16 INFO  : 'targets -set -filter {jtag_cable_name =~ "Digilent Nexys4DDR 210292645895A" && level==0} -index 0' command is executed.
11:44:16 INFO  : 'fpga -state' command is executed.
11:44:16 INFO  : Connected to target on host '127.0.0.1' and port '3121'.
11:44:16 INFO  : Jtag cable 'Digilent Nexys4DDR 210292645895A' is selected.
11:44:16 INFO  : 'jtag frequency' command is executed.
11:44:16 INFO  : 'configparams mdm-detect-bscan-mask 2' command is executed.
11:44:16 INFO  : Context for processor 'microblaze_0' is selected.
11:44:16 INFO  : Processor reset is completed for 'microblaze_0'.
11:44:16 INFO  : Context for processor 'microblaze_0' is selected.
11:44:17 INFO  : The application 'C:/Users/Albert/Documents/GitHub/ECE532/group_demo/group_demo.sdk/test_hardware/Debug/test_hardware.elf' is downloaded to processor 'microblaze_0'.
11:44:17 INFO  : ----------------XSDB Script----------------
connect -url tcp:127.0.0.1:3121
configparams mdm-detect-bscan-mask 2
targets -set -nocase -filter {name =~ "microblaze*#0" && bscan=="USER2"  && jtag_cable_name =~ "Digilent Nexys4DDR 210292645895A"} -index 0
rst -processor
targets -set -nocase -filter {name =~ "microblaze*#0" && bscan=="USER2"  && jtag_cable_name =~ "Digilent Nexys4DDR 210292645895A"} -index 0
dow C:/Users/Albert/Documents/GitHub/ECE532/group_demo/group_demo.sdk/test_hardware/Debug/test_hardware.elf
----------------End of Script----------------

11:44:17 INFO  : Context for processor 'microblaze_0' is selected.
11:44:17 INFO  : 'con' command is executed.
11:44:17 INFO  : ----------------XSDB Script (After Launch)----------------
targets -set -nocase -filter {name =~ "microblaze*#0" && bscan=="USER2"  && jtag_cable_name =~ "Digilent Nexys4DDR 210292645895A"} -index 0
con
----------------End of Script----------------

11:44:17 INFO  : Disconnected from the channel tcfchan#9.
11:46:18 INFO  : 'targets -set -filter {jtag_cable_name =~ "Digilent Nexys4DDR 210292645895A" && level==0} -index 0' command is executed.
11:46:18 INFO  : 'fpga -state' command is executed.
11:46:18 INFO  : Connected to target on host '127.0.0.1' and port '3121'.
11:46:18 INFO  : Jtag cable 'Digilent Nexys4DDR 210292645895A' is selected.
11:46:18 INFO  : 'jtag frequency' command is executed.
11:46:18 INFO  : 'configparams mdm-detect-bscan-mask 2' command is executed.
11:46:18 INFO  : Context for processor 'microblaze_0' is selected.
11:46:18 INFO  : Processor reset is completed for 'microblaze_0'.
11:46:18 INFO  : Context for processor 'microblaze_0' is selected.
11:46:18 INFO  : The application 'C:/Users/Albert/Documents/GitHub/ECE532/group_demo/group_demo.sdk/test_hardware/Debug/test_hardware.elf' is downloaded to processor 'microblaze_0'.
11:46:18 INFO  : ----------------XSDB Script----------------
connect -url tcp:127.0.0.1:3121
configparams mdm-detect-bscan-mask 2
targets -set -nocase -filter {name =~ "microblaze*#0" && bscan=="USER2"  && jtag_cable_name =~ "Digilent Nexys4DDR 210292645895A"} -index 0
rst -processor
targets -set -nocase -filter {name =~ "microblaze*#0" && bscan=="USER2"  && jtag_cable_name =~ "Digilent Nexys4DDR 210292645895A"} -index 0
dow C:/Users/Albert/Documents/GitHub/ECE532/group_demo/group_demo.sdk/test_hardware/Debug/test_hardware.elf
----------------End of Script----------------

11:46:18 INFO  : Context for processor 'microblaze_0' is selected.
11:46:18 INFO  : 'con' command is executed.
11:46:18 INFO  : ----------------XSDB Script (After Launch)----------------
targets -set -nocase -filter {name =~ "microblaze*#0" && bscan=="USER2"  && jtag_cable_name =~ "Digilent Nexys4DDR 210292645895A"} -index 0
con
----------------End of Script----------------

11:46:18 INFO  : Disconnected from the channel tcfchan#10.
11:48:04 INFO  : 'targets -set -filter {jtag_cable_name =~ "Digilent Nexys4DDR 210292645895A" && level==0} -index 0' command is executed.
11:48:04 INFO  : 'fpga -state' command is executed.
11:48:04 INFO  : Connected to target on host '127.0.0.1' and port '3121'.
11:48:05 INFO  : Jtag cable 'Digilent Nexys4DDR 210292645895A' is selected.
11:48:05 INFO  : 'jtag frequency' command is executed.
11:48:05 INFO  : 'configparams mdm-detect-bscan-mask 2' command is executed.
11:48:05 INFO  : Context for processor 'microblaze_0' is selected.
11:48:05 INFO  : Processor reset is completed for 'microblaze_0'.
11:48:05 INFO  : Context for processor 'microblaze_0' is selected.
11:48:05 INFO  : The application 'C:/Users/Albert/Documents/GitHub/ECE532/group_demo/group_demo.sdk/test_hardware/Debug/test_hardware.elf' is downloaded to processor 'microblaze_0'.
11:48:05 INFO  : ----------------XSDB Script----------------
connect -url tcp:127.0.0.1:3121
configparams mdm-detect-bscan-mask 2
targets -set -nocase -filter {name =~ "microblaze*#0" && bscan=="USER2"  && jtag_cable_name =~ "Digilent Nexys4DDR 210292645895A"} -index 0
rst -processor
targets -set -nocase -filter {name =~ "microblaze*#0" && bscan=="USER2"  && jtag_cable_name =~ "Digilent Nexys4DDR 210292645895A"} -index 0
dow C:/Users/Albert/Documents/GitHub/ECE532/group_demo/group_demo.sdk/test_hardware/Debug/test_hardware.elf
----------------End of Script----------------

11:48:05 INFO  : Context for processor 'microblaze_0' is selected.
11:48:05 INFO  : 'con' command is executed.
11:48:05 INFO  : ----------------XSDB Script (After Launch)----------------
targets -set -nocase -filter {name =~ "microblaze*#0" && bscan=="USER2"  && jtag_cable_name =~ "Digilent Nexys4DDR 210292645895A"} -index 0
con
----------------End of Script----------------

11:48:05 INFO  : Disconnected from the channel tcfchan#11.
11:53:49 INFO  : 'targets -set -filter {jtag_cable_name =~ "Digilent Nexys4DDR 210292645895A" && level==0} -index 0' command is executed.
11:53:49 INFO  : 'fpga -state' command is executed.
11:53:49 INFO  : Connected to target on host '127.0.0.1' and port '3121'.
11:53:49 INFO  : Jtag cable 'Digilent Nexys4DDR 210292645895A' is selected.
11:53:49 INFO  : 'jtag frequency' command is executed.
11:53:49 INFO  : 'configparams mdm-detect-bscan-mask 2' command is executed.
11:53:49 INFO  : Context for processor 'microblaze_0' is selected.
11:53:49 INFO  : Processor reset is completed for 'microblaze_0'.
11:53:49 INFO  : Context for processor 'microblaze_0' is selected.
11:53:49 INFO  : The application 'C:/Users/Albert/Documents/GitHub/ECE532/group_demo/group_demo.sdk/test_hardware/Debug/test_hardware.elf' is downloaded to processor 'microblaze_0'.
11:53:49 INFO  : ----------------XSDB Script----------------
connect -url tcp:127.0.0.1:3121
configparams mdm-detect-bscan-mask 2
targets -set -nocase -filter {name =~ "microblaze*#0" && bscan=="USER2"  && jtag_cable_name =~ "Digilent Nexys4DDR 210292645895A"} -index 0
rst -processor
targets -set -nocase -filter {name =~ "microblaze*#0" && bscan=="USER2"  && jtag_cable_name =~ "Digilent Nexys4DDR 210292645895A"} -index 0
dow C:/Users/Albert/Documents/GitHub/ECE532/group_demo/group_demo.sdk/test_hardware/Debug/test_hardware.elf
----------------End of Script----------------

11:53:49 INFO  : Context for processor 'microblaze_0' is selected.
11:53:49 INFO  : 'con' command is executed.
11:53:49 INFO  : ----------------XSDB Script (After Launch)----------------
targets -set -nocase -filter {name =~ "microblaze*#0" && bscan=="USER2"  && jtag_cable_name =~ "Digilent Nexys4DDR 210292645895A"} -index 0
con
----------------End of Script----------------

11:53:49 INFO  : Disconnected from the channel tcfchan#12.
11:54:34 INFO  : 'targets -set -filter {jtag_cable_name =~ "Digilent Nexys4DDR 210292645895A" && level==0} -index 0' command is executed.
11:54:34 INFO  : 'fpga -state' command is executed.
11:54:34 INFO  : Connected to target on host '127.0.0.1' and port '3121'.
11:54:34 INFO  : Jtag cable 'Digilent Nexys4DDR 210292645895A' is selected.
11:54:34 INFO  : 'jtag frequency' command is executed.
11:54:34 INFO  : 'configparams mdm-detect-bscan-mask 2' command is executed.
11:54:34 INFO  : Context for processor 'microblaze_0' is selected.
11:54:34 INFO  : Processor reset is completed for 'microblaze_0'.
11:54:34 INFO  : Context for processor 'microblaze_0' is selected.
11:54:34 INFO  : The application 'C:/Users/Albert/Documents/GitHub/ECE532/group_demo/group_demo.sdk/test_hardware/Debug/test_hardware.elf' is downloaded to processor 'microblaze_0'.
11:54:34 INFO  : ----------------XSDB Script----------------
connect -url tcp:127.0.0.1:3121
configparams mdm-detect-bscan-mask 2
targets -set -nocase -filter {name =~ "microblaze*#0" && bscan=="USER2"  && jtag_cable_name =~ "Digilent Nexys4DDR 210292645895A"} -index 0
rst -processor
targets -set -nocase -filter {name =~ "microblaze*#0" && bscan=="USER2"  && jtag_cable_name =~ "Digilent Nexys4DDR 210292645895A"} -index 0
dow C:/Users/Albert/Documents/GitHub/ECE532/group_demo/group_demo.sdk/test_hardware/Debug/test_hardware.elf
----------------End of Script----------------

11:54:34 INFO  : Context for processor 'microblaze_0' is selected.
11:54:34 INFO  : 'con' command is executed.
11:54:34 INFO  : ----------------XSDB Script (After Launch)----------------
targets -set -nocase -filter {name =~ "microblaze*#0" && bscan=="USER2"  && jtag_cable_name =~ "Digilent Nexys4DDR 210292645895A"} -index 0
con
----------------End of Script----------------

11:54:34 INFO  : Disconnected from the channel tcfchan#13.
11:55:05 INFO  : 'targets -set -filter {jtag_cable_name =~ "Digilent Nexys4DDR 210292645895A" && level==0} -index 0' command is executed.
11:55:05 INFO  : 'fpga -state' command is executed.
11:55:05 INFO  : Connected to target on host '127.0.0.1' and port '3121'.
11:55:05 INFO  : Jtag cable 'Digilent Nexys4DDR 210292645895A' is selected.
11:55:05 INFO  : 'jtag frequency' command is executed.
11:55:05 INFO  : 'configparams mdm-detect-bscan-mask 2' command is executed.
11:55:05 INFO  : Context for processor 'microblaze_0' is selected.
11:55:05 INFO  : Processor reset is completed for 'microblaze_0'.
11:55:05 INFO  : Context for processor 'microblaze_0' is selected.
11:55:05 INFO  : The application 'C:/Users/Albert/Documents/GitHub/ECE532/group_demo/group_demo.sdk/test_hardware/Debug/test_hardware.elf' is downloaded to processor 'microblaze_0'.
11:55:05 INFO  : ----------------XSDB Script----------------
connect -url tcp:127.0.0.1:3121
configparams mdm-detect-bscan-mask 2
targets -set -nocase -filter {name =~ "microblaze*#0" && bscan=="USER2"  && jtag_cable_name =~ "Digilent Nexys4DDR 210292645895A"} -index 0
rst -processor
targets -set -nocase -filter {name =~ "microblaze*#0" && bscan=="USER2"  && jtag_cable_name =~ "Digilent Nexys4DDR 210292645895A"} -index 0
dow C:/Users/Albert/Documents/GitHub/ECE532/group_demo/group_demo.sdk/test_hardware/Debug/test_hardware.elf
----------------End of Script----------------

11:55:05 INFO  : Context for processor 'microblaze_0' is selected.
11:55:05 INFO  : 'con' command is executed.
11:55:05 INFO  : ----------------XSDB Script (After Launch)----------------
targets -set -nocase -filter {name =~ "microblaze*#0" && bscan=="USER2"  && jtag_cable_name =~ "Digilent Nexys4DDR 210292645895A"} -index 0
con
----------------End of Script----------------

11:55:05 INFO  : Disconnected from the channel tcfchan#14.
11:55:22 INFO  : 'targets -set -filter {jtag_cable_name =~ "Digilent Nexys4DDR 210292645895A" && level==0} -index 0' command is executed.
11:55:22 INFO  : 'fpga -state' command is executed.
11:55:22 INFO  : Connected to target on host '127.0.0.1' and port '3121'.
11:55:22 INFO  : Jtag cable 'Digilent Nexys4DDR 210292645895A' is selected.
11:55:22 INFO  : 'jtag frequency' command is executed.
11:55:22 INFO  : 'configparams mdm-detect-bscan-mask 2' command is executed.
11:55:22 INFO  : Context for processor 'microblaze_0' is selected.
11:55:22 INFO  : Processor reset is completed for 'microblaze_0'.
11:55:22 INFO  : Context for processor 'microblaze_0' is selected.
11:55:23 INFO  : The application 'C:/Users/Albert/Documents/GitHub/ECE532/group_demo/group_demo.sdk/test_hardware/Debug/test_hardware.elf' is downloaded to processor 'microblaze_0'.
11:55:23 INFO  : ----------------XSDB Script----------------
connect -url tcp:127.0.0.1:3121
configparams mdm-detect-bscan-mask 2
targets -set -nocase -filter {name =~ "microblaze*#0" && bscan=="USER2"  && jtag_cable_name =~ "Digilent Nexys4DDR 210292645895A"} -index 0
rst -processor
targets -set -nocase -filter {name =~ "microblaze*#0" && bscan=="USER2"  && jtag_cable_name =~ "Digilent Nexys4DDR 210292645895A"} -index 0
dow C:/Users/Albert/Documents/GitHub/ECE532/group_demo/group_demo.sdk/test_hardware/Debug/test_hardware.elf
----------------End of Script----------------

11:55:23 INFO  : Context for processor 'microblaze_0' is selected.
11:55:23 INFO  : 'con' command is executed.
11:55:23 INFO  : ----------------XSDB Script (After Launch)----------------
targets -set -nocase -filter {name =~ "microblaze*#0" && bscan=="USER2"  && jtag_cable_name =~ "Digilent Nexys4DDR 210292645895A"} -index 0
con
----------------End of Script----------------

11:55:23 INFO  : Disconnected from the channel tcfchan#15.
