
*** Running vivado
    with args -log xbip_dsp48_macro_0.vds -m64 -product Vivado -mode batch -messageDb vivado.pb -notrace -source xbip_dsp48_macro_0.tcl


****** Vivado v2018.2 (64-bit)
  **** SW Build 2258646 on Thu Jun 14 20:02:38 MDT 2018
  **** IP Build 2256618 on Thu Jun 14 22:10:49 MDT 2018
    ** Copyright 1986-2018 Xilinx, Inc. All Rights Reserved.

source xbip_dsp48_macro_0.tcl -notrace
Command: synth_design -top xbip_dsp48_macro_0 -part xc7a200tsbg484-1 -mode out_of_context
Starting synth_design
Attempting to get a license for feature 'Synthesis' and/or device 'xc7a200t'
INFO: [Common 17-349] Got license for feature 'Synthesis' and/or device 'xc7a200t'
INFO: Launching helper process for spawning children vivado processes
INFO: Helper process launched with PID 5671 
---------------------------------------------------------------------------------
Starting RTL Elaboration : Time (s): cpu = 00:00:00.87 ; elapsed = 00:00:01 . Memory (MB): peak = 1242.023 ; gain = 81.922 ; free physical = 27178 ; free virtual = 78811
---------------------------------------------------------------------------------
INFO: [Synth 8-638] synthesizing module 'xbip_dsp48_macro_0' [/home/yunhao/Documents/ECE532-Digital-Systems-Design/ECE532-main/custom_ip/superresolution/superresolution.srcs/sources_1/ip/xbip_dsp48_macro_0/synth/xbip_dsp48_macro_0.vhd:71]
	Parameter C_VERBOSITY bound to: 0 - type: integer 
	Parameter C_MODEL_TYPE bound to: 0 - type: integer 
	Parameter C_XDEVICEFAMILY bound to: artix7 - type: string 
	Parameter C_HAS_CE bound to: 1 - type: integer 
	Parameter C_HAS_INDEP_CE bound to: 0 - type: integer 
	Parameter C_HAS_CED bound to: 0 - type: integer 
	Parameter C_HAS_CEA bound to: 0 - type: integer 
	Parameter C_HAS_CEB bound to: 0 - type: integer 
	Parameter C_HAS_CEC bound to: 0 - type: integer 
	Parameter C_HAS_CECONCAT bound to: 0 - type: integer 
	Parameter C_HAS_CEM bound to: 0 - type: integer 
	Parameter C_HAS_CEP bound to: 0 - type: integer 
	Parameter C_HAS_CESEL bound to: 0 - type: integer 
	Parameter C_HAS_SCLR bound to: 0 - type: integer 
	Parameter C_HAS_INDEP_SCLR bound to: 0 - type: integer 
	Parameter C_HAS_SCLRD bound to: 0 - type: integer 
	Parameter C_HAS_SCLRA bound to: 0 - type: integer 
	Parameter C_HAS_SCLRB bound to: 0 - type: integer 
	Parameter C_HAS_SCLRC bound to: 0 - type: integer 
	Parameter C_HAS_SCLRM bound to: 0 - type: integer 
	Parameter C_HAS_SCLRP bound to: 0 - type: integer 
	Parameter C_HAS_SCLRCONCAT bound to: 0 - type: integer 
	Parameter C_HAS_SCLRSEL bound to: 0 - type: integer 
	Parameter C_HAS_CARRYCASCIN bound to: 0 - type: integer 
	Parameter C_HAS_CARRYIN bound to: 0 - type: integer 
	Parameter C_HAS_ACIN bound to: 0 - type: integer 
	Parameter C_HAS_BCIN bound to: 0 - type: integer 
	Parameter C_HAS_PCIN bound to: 0 - type: integer 
	Parameter C_HAS_A bound to: 1 - type: integer 
	Parameter C_HAS_B bound to: 1 - type: integer 
	Parameter C_HAS_D bound to: 0 - type: integer 
	Parameter C_HAS_CONCAT bound to: 0 - type: integer 
	Parameter C_HAS_C bound to: 1 - type: integer 
	Parameter C_A_WIDTH bound to: 25 - type: integer 
	Parameter C_B_WIDTH bound to: 18 - type: integer 
	Parameter C_C_WIDTH bound to: 48 - type: integer 
	Parameter C_D_WIDTH bound to: 18 - type: integer 
	Parameter C_CONCAT_WIDTH bound to: 48 - type: integer 
	Parameter C_P_MSB bound to: 47 - type: integer 
	Parameter C_P_LSB bound to: 0 - type: integer 
	Parameter C_SEL_WIDTH bound to: 0 - type: integer 
	Parameter C_HAS_ACOUT bound to: 0 - type: integer 
	Parameter C_HAS_BCOUT bound to: 0 - type: integer 
	Parameter C_HAS_CARRYCASCOUT bound to: 0 - type: integer 
	Parameter C_HAS_CARRYOUT bound to: 0 - type: integer 
	Parameter C_HAS_PCOUT bound to: 1 - type: integer 
	Parameter C_CONSTANT_1 bound to: 1 - type: integer 
	Parameter C_LATENCY bound to: 128 - type: integer 
	Parameter C_OPMODES bound to: 000000000011010100000000 - type: string 
	Parameter C_REG_CONFIG bound to: 00000000000011000011000011000100 - type: string 
	Parameter C_TEST_CORE bound to: 0 - type: integer 
INFO: [Synth 8-3491] module 'xbip_dsp48_macro_v3_0_16' declared at '/home/yunhao/Documents/ECE532-Digital-Systems-Design/ECE532-main/custom_ip/superresolution/superresolution.srcs/sources_1/ip/xbip_dsp48_macro_0/hdl/xbip_dsp48_macro_v3_0_vh_rfs.vhd:5013' bound to instance 'U0' of component 'xbip_dsp48_macro_v3_0_16' [/home/yunhao/Documents/ECE532-Digital-Systems-Design/ECE532-main/custom_ip/superresolution/superresolution.srcs/sources_1/ip/xbip_dsp48_macro_0/synth/xbip_dsp48_macro_0.vhd:216]
INFO: [Synth 8-256] done synthesizing module 'xbip_dsp48_macro_0' (6#1) [/home/yunhao/Documents/ECE532-Digital-Systems-Design/ECE532-main/custom_ip/superresolution/superresolution.srcs/sources_1/ip/xbip_dsp48_macro_0/synth/xbip_dsp48_macro_0.vhd:71]
WARNING: [Synth 8-3331] design xbip_dsp48e1_wrapper_v3_0 has unconnected port CE
WARNING: [Synth 8-3331] design xbip_dsp48e1_wrapper_v3_0 has unconnected port SCLR
WARNING: [Synth 8-3331] design xbip_dsp48e1_wrapper_v3_0 has unconnected port CEAD
WARNING: [Synth 8-3331] design xbip_dsp48e1_wrapper_v3_0 has unconnected port CED
WARNING: [Synth 8-3331] design xbip_dsp48e1_wrapper_v3_0 has unconnected port CECARRYIN
WARNING: [Synth 8-3331] design xbip_dsp48e1_wrapper_v3_0 has unconnected port CECTRL
WARNING: [Synth 8-3331] design xbip_dsp48e1_wrapper_v3_0 has unconnected port CEALUMODE
WARNING: [Synth 8-3331] design xbip_dsp48e1_wrapper_v3_0 has unconnected port CEINMODE
WARNING: [Synth 8-3331] design xbip_dsp48e1_wrapper_v3_0 has unconnected port SCLRD
WARNING: [Synth 8-3331] design xbip_dsp48e1_wrapper_v3_0 has unconnected port SCLRCTRL
WARNING: [Synth 8-3331] design xbip_dsp48e1_wrapper_v3_0 has unconnected port SCLRALUMODE
WARNING: [Synth 8-3331] design xbip_dsp48e1_wrapper_v3_0 has unconnected port SCLRINMODE
WARNING: [Synth 8-3331] design xbip_pipe_v3_0_5_viv__parameterized1 has unconnected port CLK
WARNING: [Synth 8-3331] design xbip_pipe_v3_0_5_viv__parameterized1 has unconnected port CE
WARNING: [Synth 8-3331] design xbip_pipe_v3_0_5_viv__parameterized1 has unconnected port SCLR
WARNING: [Synth 8-3331] design xbip_pipe_v3_0_5_viv__parameterized1 has unconnected port SSET
WARNING: [Synth 8-3331] design xbip_pipe_v3_0_5_viv__parameterized1 has unconnected port SINIT
WARNING: [Synth 8-3331] design xbip_pipe_v3_0_5_viv__parameterized0 has unconnected port CLK
WARNING: [Synth 8-3331] design xbip_pipe_v3_0_5_viv__parameterized0 has unconnected port CE
WARNING: [Synth 8-3331] design xbip_pipe_v3_0_5_viv__parameterized0 has unconnected port SCLR
WARNING: [Synth 8-3331] design xbip_pipe_v3_0_5_viv__parameterized0 has unconnected port SSET
WARNING: [Synth 8-3331] design xbip_pipe_v3_0_5_viv__parameterized0 has unconnected port SINIT
WARNING: [Synth 8-3331] design xbip_pipe_v3_0_5_viv has unconnected port CLK
WARNING: [Synth 8-3331] design xbip_pipe_v3_0_5_viv has unconnected port CE
WARNING: [Synth 8-3331] design xbip_pipe_v3_0_5_viv has unconnected port SCLR
WARNING: [Synth 8-3331] design xbip_pipe_v3_0_5_viv has unconnected port SSET
WARNING: [Synth 8-3331] design xbip_pipe_v3_0_5_viv has unconnected port SINIT
WARNING: [Synth 8-3331] design xbip_pipe_v3_0_5_viv__parameterized3 has unconnected port CLK
WARNING: [Synth 8-3331] design xbip_pipe_v3_0_5_viv__parameterized3 has unconnected port CE
WARNING: [Synth 8-3331] design xbip_pipe_v3_0_5_viv__parameterized3 has unconnected port SCLR
WARNING: [Synth 8-3331] design xbip_pipe_v3_0_5_viv__parameterized3 has unconnected port SSET
WARNING: [Synth 8-3331] design xbip_pipe_v3_0_5_viv__parameterized3 has unconnected port SINIT
WARNING: [Synth 8-3331] design xbip_pipe_v3_0_5_viv__parameterized2 has unconnected port CLK
WARNING: [Synth 8-3331] design xbip_pipe_v3_0_5_viv__parameterized2 has unconnected port CE
WARNING: [Synth 8-3331] design xbip_pipe_v3_0_5_viv__parameterized2 has unconnected port SCLR
WARNING: [Synth 8-3331] design xbip_pipe_v3_0_5_viv__parameterized2 has unconnected port SSET
WARNING: [Synth 8-3331] design xbip_pipe_v3_0_5_viv__parameterized2 has unconnected port SINIT
WARNING: [Synth 8-3331] design xbip_dsp48_macro_synth has unconnected port SCLR
WARNING: [Synth 8-3331] design xbip_dsp48_macro_synth has unconnected port SEL[0]
WARNING: [Synth 8-3331] design xbip_dsp48_macro_synth has unconnected port D[17]
WARNING: [Synth 8-3331] design xbip_dsp48_macro_synth has unconnected port D[16]
WARNING: [Synth 8-3331] design xbip_dsp48_macro_synth has unconnected port D[15]
WARNING: [Synth 8-3331] design xbip_dsp48_macro_synth has unconnected port D[14]
WARNING: [Synth 8-3331] design xbip_dsp48_macro_synth has unconnected port D[13]
WARNING: [Synth 8-3331] design xbip_dsp48_macro_synth has unconnected port D[12]
WARNING: [Synth 8-3331] design xbip_dsp48_macro_synth has unconnected port D[11]
WARNING: [Synth 8-3331] design xbip_dsp48_macro_synth has unconnected port D[10]
WARNING: [Synth 8-3331] design xbip_dsp48_macro_synth has unconnected port D[9]
WARNING: [Synth 8-3331] design xbip_dsp48_macro_synth has unconnected port D[8]
WARNING: [Synth 8-3331] design xbip_dsp48_macro_synth has unconnected port D[7]
WARNING: [Synth 8-3331] design xbip_dsp48_macro_synth has unconnected port D[6]
WARNING: [Synth 8-3331] design xbip_dsp48_macro_synth has unconnected port D[5]
WARNING: [Synth 8-3331] design xbip_dsp48_macro_synth has unconnected port D[4]
WARNING: [Synth 8-3331] design xbip_dsp48_macro_synth has unconnected port D[3]
WARNING: [Synth 8-3331] design xbip_dsp48_macro_synth has unconnected port D[2]
WARNING: [Synth 8-3331] design xbip_dsp48_macro_synth has unconnected port D[1]
WARNING: [Synth 8-3331] design xbip_dsp48_macro_synth has unconnected port D[0]
WARNING: [Synth 8-3331] design xbip_dsp48_macro_synth has unconnected port CONCAT[47]
WARNING: [Synth 8-3331] design xbip_dsp48_macro_synth has unconnected port CONCAT[46]
WARNING: [Synth 8-3331] design xbip_dsp48_macro_synth has unconnected port CONCAT[45]
WARNING: [Synth 8-3331] design xbip_dsp48_macro_synth has unconnected port CONCAT[44]
WARNING: [Synth 8-3331] design xbip_dsp48_macro_synth has unconnected port CONCAT[43]
WARNING: [Synth 8-3331] design xbip_dsp48_macro_synth has unconnected port CONCAT[42]
WARNING: [Synth 8-3331] design xbip_dsp48_macro_synth has unconnected port CONCAT[41]
WARNING: [Synth 8-3331] design xbip_dsp48_macro_synth has unconnected port CONCAT[40]
WARNING: [Synth 8-3331] design xbip_dsp48_macro_synth has unconnected port CONCAT[39]
WARNING: [Synth 8-3331] design xbip_dsp48_macro_synth has unconnected port CONCAT[38]
WARNING: [Synth 8-3331] design xbip_dsp48_macro_synth has unconnected port CONCAT[37]
WARNING: [Synth 8-3331] design xbip_dsp48_macro_synth has unconnected port CONCAT[36]
WARNING: [Synth 8-3331] design xbip_dsp48_macro_synth has unconnected port CONCAT[35]
WARNING: [Synth 8-3331] design xbip_dsp48_macro_synth has unconnected port CONCAT[34]
WARNING: [Synth 8-3331] design xbip_dsp48_macro_synth has unconnected port CONCAT[33]
WARNING: [Synth 8-3331] design xbip_dsp48_macro_synth has unconnected port CONCAT[32]
WARNING: [Synth 8-3331] design xbip_dsp48_macro_synth has unconnected port CONCAT[31]
WARNING: [Synth 8-3331] design xbip_dsp48_macro_synth has unconnected port CONCAT[30]
WARNING: [Synth 8-3331] design xbip_dsp48_macro_synth has unconnected port CONCAT[29]
WARNING: [Synth 8-3331] design xbip_dsp48_macro_synth has unconnected port CONCAT[28]
WARNING: [Synth 8-3331] design xbip_dsp48_macro_synth has unconnected port CONCAT[27]
WARNING: [Synth 8-3331] design xbip_dsp48_macro_synth has unconnected port CONCAT[26]
WARNING: [Synth 8-3331] design xbip_dsp48_macro_synth has unconnected port CONCAT[25]
WARNING: [Synth 8-3331] design xbip_dsp48_macro_synth has unconnected port CONCAT[24]
WARNING: [Synth 8-3331] design xbip_dsp48_macro_synth has unconnected port CONCAT[23]
WARNING: [Synth 8-3331] design xbip_dsp48_macro_synth has unconnected port CONCAT[22]
WARNING: [Synth 8-3331] design xbip_dsp48_macro_synth has unconnected port CONCAT[21]
WARNING: [Synth 8-3331] design xbip_dsp48_macro_synth has unconnected port CONCAT[20]
WARNING: [Synth 8-3331] design xbip_dsp48_macro_synth has unconnected port CONCAT[19]
WARNING: [Synth 8-3331] design xbip_dsp48_macro_synth has unconnected port CONCAT[18]
WARNING: [Synth 8-3331] design xbip_dsp48_macro_synth has unconnected port CONCAT[17]
WARNING: [Synth 8-3331] design xbip_dsp48_macro_synth has unconnected port CONCAT[16]
WARNING: [Synth 8-3331] design xbip_dsp48_macro_synth has unconnected port CONCAT[15]
WARNING: [Synth 8-3331] design xbip_dsp48_macro_synth has unconnected port CONCAT[14]
WARNING: [Synth 8-3331] design xbip_dsp48_macro_synth has unconnected port CONCAT[13]
WARNING: [Synth 8-3331] design xbip_dsp48_macro_synth has unconnected port CONCAT[12]
WARNING: [Synth 8-3331] design xbip_dsp48_macro_synth has unconnected port CONCAT[11]
WARNING: [Synth 8-3331] design xbip_dsp48_macro_synth has unconnected port CONCAT[10]
WARNING: [Synth 8-3331] design xbip_dsp48_macro_synth has unconnected port CONCAT[9]
WARNING: [Synth 8-3331] design xbip_dsp48_macro_synth has unconnected port CONCAT[8]
WARNING: [Synth 8-3331] design xbip_dsp48_macro_synth has unconnected port CONCAT[7]
WARNING: [Synth 8-3331] design xbip_dsp48_macro_synth has unconnected port CONCAT[6]
WARNING: [Synth 8-3331] design xbip_dsp48_macro_synth has unconnected port CONCAT[5]
INFO: [Common 17-14] Message 'Synth 8-3331' appears 100 times and further instances of the messages will be disabled. Use the Tcl command set_msg_config to change the current settings.
---------------------------------------------------------------------------------
Finished RTL Elaboration : Time (s): cpu = 00:00:02 ; elapsed = 00:00:02 . Memory (MB): peak = 1297.648 ; gain = 137.547 ; free physical = 27124 ; free virtual = 78792
---------------------------------------------------------------------------------

Report Check Netlist: 
+------+------------------+-------+---------+-------+------------------+
|      |Item              |Errors |Warnings |Status |Description       |
+------+------------------+-------+---------+-------+------------------+
|1     |multi_driven_nets |      0|        0|Passed |Multi driven nets |
+------+------------------+-------+---------+-------+------------------+
---------------------------------------------------------------------------------
Start Handling Custom Attributes
---------------------------------------------------------------------------------
---------------------------------------------------------------------------------
Finished Handling Custom Attributes : Time (s): cpu = 00:00:02 ; elapsed = 00:00:02 . Memory (MB): peak = 1297.648 ; gain = 137.547 ; free physical = 27127 ; free virtual = 78795
---------------------------------------------------------------------------------
---------------------------------------------------------------------------------
Finished RTL Optimization Phase 1 : Time (s): cpu = 00:00:02 ; elapsed = 00:00:02 . Memory (MB): peak = 1297.648 ; gain = 137.547 ; free physical = 27127 ; free virtual = 78795
---------------------------------------------------------------------------------
INFO: [Netlist 29-17] Analyzing 1 Unisim elements for replacement
INFO: [Netlist 29-28] Unisim Transformation completed in 0 CPU seconds
INFO: [Device 21-403] Loading part xc7a200tsbg484-1
INFO: [Project 1-570] Preparing netlist for logic optimization

Processing XDC Constraints
Initializing timing engine
Parsing XDC File [/home/yunhao/Documents/ECE532-Digital-Systems-Design/ECE532-main/custom_ip/superresolution/superresolution.srcs/sources_1/ip/xbip_dsp48_macro_0/xbip_dsp48_macro_0_ooc.xdc] for cell 'U0'
Finished Parsing XDC File [/home/yunhao/Documents/ECE532-Digital-Systems-Design/ECE532-main/custom_ip/superresolution/superresolution.srcs/sources_1/ip/xbip_dsp48_macro_0/xbip_dsp48_macro_0_ooc.xdc] for cell 'U0'
Parsing XDC File [/home/yunhao/Documents/ECE532-Digital-Systems-Design/ECE532-main/custom_ip/superresolution/superresolution.runs/xbip_dsp48_macro_0_synth_1/dont_touch.xdc]
Finished Parsing XDC File [/home/yunhao/Documents/ECE532-Digital-Systems-Design/ECE532-main/custom_ip/superresolution/superresolution.runs/xbip_dsp48_macro_0_synth_1/dont_touch.xdc]
Completed Processing XDC Constraints

INFO: [Project 1-111] Unisim Transformation Summary:
No Unisim elements were transformed.

Constraint Validation Runtime : Time (s): cpu = 00:00:00.01 ; elapsed = 00:00:00.01 . Memory (MB): peak = 1607.688 ; gain = 0.000 ; free physical = 26867 ; free virtual = 78535
---------------------------------------------------------------------------------
Finished Constraint Validation : Time (s): cpu = 00:00:06 ; elapsed = 00:00:11 . Memory (MB): peak = 1607.688 ; gain = 447.586 ; free physical = 26940 ; free virtual = 78608
---------------------------------------------------------------------------------
---------------------------------------------------------------------------------
Start Loading Part and Timing Information
---------------------------------------------------------------------------------
Loading part: xc7a200tsbg484-1
---------------------------------------------------------------------------------
Finished Loading Part and Timing Information : Time (s): cpu = 00:00:06 ; elapsed = 00:00:11 . Memory (MB): peak = 1607.688 ; gain = 447.586 ; free physical = 26940 ; free virtual = 78608
---------------------------------------------------------------------------------
---------------------------------------------------------------------------------
Start Applying 'set_property' XDC Constraints
---------------------------------------------------------------------------------
Applied set_property DONT_TOUCH = true for U0. (constraint file  /home/yunhao/Documents/ECE532-Digital-Systems-Design/ECE532-main/custom_ip/superresolution/superresolution.runs/xbip_dsp48_macro_0_synth_1/dont_touch.xdc, line 9).
---------------------------------------------------------------------------------
Finished applying 'set_property' XDC Constraints : Time (s): cpu = 00:00:06 ; elapsed = 00:00:11 . Memory (MB): peak = 1607.688 ; gain = 447.586 ; free physical = 26941 ; free virtual = 78610
---------------------------------------------------------------------------------
---------------------------------------------------------------------------------
Finished RTL Optimization Phase 2 : Time (s): cpu = 00:00:06 ; elapsed = 00:00:11 . Memory (MB): peak = 1607.688 ; gain = 447.586 ; free physical = 26935 ; free virtual = 78604
---------------------------------------------------------------------------------
INFO: [Synth 8-223] decloning instance 'U0/i_synth/i_synth_option.i_synth_model/i_a2' (xbip_pipe_v3_0_5_viv) to 'U0/i_synth/i_synth_option.i_synth_model/i_has_a.i_a1'
INFO: [Synth 8-223] decloning instance 'U0/i_synth/i_synth_option.i_synth_model/i_has_c.i_c1' (xbip_pipe_v3_0_5_viv__parameterized1) to 'U0/i_synth/i_synth_option.i_synth_model/i_has_c.i_c2'
INFO: [Synth 8-223] decloning instance 'U0/i_synth/i_synth_option.i_synth_model/i_has_c.i_c1' (xbip_pipe_v3_0_5_viv__parameterized1) to 'U0/i_synth/i_synth_option.i_synth_model/i_has_c.i_c3'
INFO: [Synth 8-223] decloning instance 'U0/i_synth/i_synth_option.i_synth_model/i_op1' (xbip_pipe_v3_0_5_viv__parameterized2) to 'U0/i_synth/i_synth_option.i_synth_model/i_op2'
INFO: [Synth 8-223] decloning instance 'U0/i_synth/i_synth_option.i_synth_model/i_op1' (xbip_pipe_v3_0_5_viv__parameterized2) to 'U0/i_synth/i_synth_option.i_synth_model/i_op3'
INFO: [Synth 8-223] decloning instance 'U0/i_synth/i_synth_option.i_synth_model/i_op1' (xbip_pipe_v3_0_5_viv__parameterized2) to 'U0/i_synth/i_synth_option.i_synth_model/i_op4'
INFO: [Synth 8-223] decloning instance 'U0/i_synth/i_synth_option.i_synth_model/i_carryin1' (xbip_pipe_v3_0_5_viv__parameterized3) to 'U0/i_synth/i_synth_option.i_synth_model/i_carryin2'
INFO: [Synth 8-223] decloning instance 'U0/i_synth/i_synth_option.i_synth_model/i_carryin1' (xbip_pipe_v3_0_5_viv__parameterized3) to 'U0/i_synth/i_synth_option.i_synth_model/i_carryin3'

Report RTL Partitions: 
+-+--------------+------------+----------+
| |RTL Partition |Replication |Instances |
+-+--------------+------------+----------+
+-+--------------+------------+----------+
---------------------------------------------------------------------------------
Start RTL Component Statistics 
---------------------------------------------------------------------------------
---------------------------------------------------------------------------------
Finished RTL Component Statistics 
---------------------------------------------------------------------------------
---------------------------------------------------------------------------------
Start RTL Hierarchical Component Statistics 
---------------------------------------------------------------------------------
---------------------------------------------------------------------------------
Finished RTL Hierarchical Component Statistics
---------------------------------------------------------------------------------
---------------------------------------------------------------------------------
Start Part Resource Summary
---------------------------------------------------------------------------------
Part Resources:
DSPs: 740 (col length:100)
BRAMs: 730 (col length: RAMB18 100 RAMB36 50)
---------------------------------------------------------------------------------
Finished Part Resource Summary
---------------------------------------------------------------------------------
---------------------------------------------------------------------------------
Start Cross Boundary and Area Optimization
---------------------------------------------------------------------------------
Warning: Parallel synthesis criteria is not met 
---------------------------------------------------------------------------------
Finished Cross Boundary and Area Optimization : Time (s): cpu = 00:00:06 ; elapsed = 00:00:11 . Memory (MB): peak = 1607.688 ; gain = 447.586 ; free physical = 26933 ; free virtual = 78604
---------------------------------------------------------------------------------

Report RTL Partitions: 
+-+--------------+------------+----------+
| |RTL Partition |Replication |Instances |
+-+--------------+------------+----------+
+-+--------------+------------+----------+
---------------------------------------------------------------------------------
Start Applying XDC Timing Constraints
---------------------------------------------------------------------------------
---------------------------------------------------------------------------------
Finished Applying XDC Timing Constraints : Time (s): cpu = 00:00:09 ; elapsed = 00:00:15 . Memory (MB): peak = 1640.672 ; gain = 480.570 ; free physical = 26767 ; free virtual = 78444
---------------------------------------------------------------------------------
---------------------------------------------------------------------------------
Start Timing Optimization
---------------------------------------------------------------------------------
---------------------------------------------------------------------------------
Finished Timing Optimization : Time (s): cpu = 00:00:09 ; elapsed = 00:00:15 . Memory (MB): peak = 1640.672 ; gain = 480.570 ; free physical = 26767 ; free virtual = 78443
---------------------------------------------------------------------------------

Report RTL Partitions: 
+-+--------------+------------+----------+
| |RTL Partition |Replication |Instances |
+-+--------------+------------+----------+
+-+--------------+------------+----------+
---------------------------------------------------------------------------------
Start Technology Mapping
---------------------------------------------------------------------------------
---------------------------------------------------------------------------------
Finished Technology Mapping : Time (s): cpu = 00:00:09 ; elapsed = 00:00:15 . Memory (MB): peak = 1641.672 ; gain = 481.570 ; free physical = 26767 ; free virtual = 78443
---------------------------------------------------------------------------------

Report RTL Partitions: 
+-+--------------+------------+----------+
| |RTL Partition |Replication |Instances |
+-+--------------+------------+----------+
+-+--------------+------------+----------+
---------------------------------------------------------------------------------
Start IO Insertion
---------------------------------------------------------------------------------
---------------------------------------------------------------------------------
Start Flattening Before IO Insertion
---------------------------------------------------------------------------------
---------------------------------------------------------------------------------
Finished Flattening Before IO Insertion
---------------------------------------------------------------------------------
---------------------------------------------------------------------------------
Start Final Netlist Cleanup
---------------------------------------------------------------------------------
---------------------------------------------------------------------------------
Finished Final Netlist Cleanup
---------------------------------------------------------------------------------
---------------------------------------------------------------------------------
Finished IO Insertion : Time (s): cpu = 00:00:10 ; elapsed = 00:00:16 . Memory (MB): peak = 1641.672 ; gain = 481.570 ; free physical = 26767 ; free virtual = 78443
---------------------------------------------------------------------------------

Report Check Netlist: 
+------+------------------+-------+---------+-------+------------------+
|      |Item              |Errors |Warnings |Status |Description       |
+------+------------------+-------+---------+-------+------------------+
|1     |multi_driven_nets |      0|        0|Passed |Multi driven nets |
+------+------------------+-------+---------+-------+------------------+
---------------------------------------------------------------------------------
Start Renaming Generated Instances
---------------------------------------------------------------------------------
---------------------------------------------------------------------------------
Finished Renaming Generated Instances : Time (s): cpu = 00:00:10 ; elapsed = 00:00:16 . Memory (MB): peak = 1641.672 ; gain = 481.570 ; free physical = 26767 ; free virtual = 78443
---------------------------------------------------------------------------------

Report RTL Partitions: 
+-+--------------+------------+----------+
| |RTL Partition |Replication |Instances |
+-+--------------+------------+----------+
+-+--------------+------------+----------+
---------------------------------------------------------------------------------
Start Rebuilding User Hierarchy
---------------------------------------------------------------------------------
---------------------------------------------------------------------------------
Finished Rebuilding User Hierarchy : Time (s): cpu = 00:00:10 ; elapsed = 00:00:16 . Memory (MB): peak = 1641.672 ; gain = 481.570 ; free physical = 26767 ; free virtual = 78443
---------------------------------------------------------------------------------
---------------------------------------------------------------------------------
Start Renaming Generated Ports
---------------------------------------------------------------------------------
---------------------------------------------------------------------------------
Finished Renaming Generated Ports : Time (s): cpu = 00:00:10 ; elapsed = 00:00:16 . Memory (MB): peak = 1641.672 ; gain = 481.570 ; free physical = 26767 ; free virtual = 78443
---------------------------------------------------------------------------------
---------------------------------------------------------------------------------
Start Handling Custom Attributes
---------------------------------------------------------------------------------
---------------------------------------------------------------------------------
Finished Handling Custom Attributes : Time (s): cpu = 00:00:10 ; elapsed = 00:00:16 . Memory (MB): peak = 1641.672 ; gain = 481.570 ; free physical = 26767 ; free virtual = 78443
---------------------------------------------------------------------------------
---------------------------------------------------------------------------------
Start Renaming Generated Nets
---------------------------------------------------------------------------------
---------------------------------------------------------------------------------
Finished Renaming Generated Nets : Time (s): cpu = 00:00:10 ; elapsed = 00:00:16 . Memory (MB): peak = 1641.672 ; gain = 481.570 ; free physical = 26767 ; free virtual = 78443
---------------------------------------------------------------------------------
---------------------------------------------------------------------------------
Start Writing Synthesis Report
---------------------------------------------------------------------------------

Report BlackBoxes: 
+-+--------------+----------+
| |BlackBox name |Instances |
+-+--------------+----------+
+-+--------------+----------+

Report Cell Usage: 
+------+--------+------+
|      |Cell    |Count |
+------+--------+------+
|1     |DSP48E1 |     1|
+------+--------+------+
---------------------------------------------------------------------------------
Finished Writing Synthesis Report : Time (s): cpu = 00:00:10 ; elapsed = 00:00:16 . Memory (MB): peak = 1641.672 ; gain = 481.570 ; free physical = 26767 ; free virtual = 78443
---------------------------------------------------------------------------------
Synthesis finished with 0 errors, 0 critical warnings and 108 warnings.
Synthesis Optimization Runtime : Time (s): cpu = 00:00:06 ; elapsed = 00:00:08 . Memory (MB): peak = 1641.672 ; gain = 171.531 ; free physical = 26831 ; free virtual = 78508
Synthesis Optimization Complete : Time (s): cpu = 00:00:10 ; elapsed = 00:00:16 . Memory (MB): peak = 1641.680 ; gain = 481.570 ; free physical = 26831 ; free virtual = 78508
INFO: [Project 1-571] Translating synthesized netlist
INFO: [Netlist 29-17] Analyzing 1 Unisim elements for replacement
INFO: [Netlist 29-28] Unisim Transformation completed in 0 CPU seconds
INFO: [Project 1-570] Preparing netlist for logic optimization
INFO: [Opt 31-138] Pushed 0 inverter(s) to 0 load pin(s).
INFO: [Project 1-111] Unisim Transformation Summary:
No Unisim elements were transformed.

INFO: [Common 17-83] Releasing license: Synthesis
25 Infos, 100 Warnings, 0 Critical Warnings and 0 Errors encountered.
synth_design completed successfully
synth_design: Time (s): cpu = 00:00:10 ; elapsed = 00:00:16 . Memory (MB): peak = 1649.672 ; gain = 493.398 ; free physical = 26829 ; free virtual = 78506
WARNING: [Constraints 18-5210] No constraint will be written out.
INFO: [Common 17-1381] The checkpoint '/home/yunhao/Documents/ECE532-Digital-Systems-Design/ECE532-main/custom_ip/superresolution/superresolution.runs/xbip_dsp48_macro_0_synth_1/xbip_dsp48_macro_0.dcp' has been generated.
INFO: [Coretcl 2-1482] Added synthesis output to IP cache for IP /home/yunhao/Documents/ECE532-Digital-Systems-Design/ECE532-main/custom_ip/superresolution/superresolution.srcs/sources_1/ip/xbip_dsp48_macro_0/xbip_dsp48_macro_0.xci
INFO: [Coretcl 2-1174] Renamed 4 cell refs.
WARNING: [Constraints 18-5210] No constraint will be written out.
INFO: [Common 17-1381] The checkpoint '/home/yunhao/Documents/ECE532-Digital-Systems-Design/ECE532-main/custom_ip/superresolution/superresolution.runs/xbip_dsp48_macro_0_synth_1/xbip_dsp48_macro_0.dcp' has been generated.
INFO: [runtcl-4] Executing : report_utilization -file xbip_dsp48_macro_0_utilization_synth.rpt -pb xbip_dsp48_macro_0_utilization_synth.pb
report_utilization: Time (s): cpu = 00:00:00.05 ; elapsed = 00:00:00.05 . Memory (MB): peak = 1649.672 ; gain = 0.000 ; free physical = 26809 ; free virtual = 78487
INFO: [Common 17-206] Exiting Vivado at Tue Mar 26 23:08:17 2024...
